{
  "RSpec": {
    "coverage": {
      "/Users/brianguthrie/turing/mod3/the-last-airbender-2301/config/environment.rb": {
        "lines": [
          null,
          1,
          null,
          null,
          1
        ]
      },
      "/Users/brianguthrie/turing/mod3/the-last-airbender-2301/config/application.rb": {
        "lines": [
          1,
          null,
          1,
          null,
          1,
          1,
          1,
          1,
          1,
          1,
          1,
          1,
          1,
          1,
          null,
          null,
          null,
          null,
          1,
          null,
          1,
          1,
          null,
          1,
          null,
          null,
          null,
          null,
          null,
          null,
          null,
          null,
          null,
          null,
          1,
          null,
          null
        ]
      },
      "/Users/brianguthrie/turing/mod3/the-last-airbender-2301/config/boot.rb": {
        "lines": [
          1,
          null,
          1,
          1
        ]
      },
      "/Users/brianguthrie/turing/mod3/the-last-airbender-2301/config/environments/test.rb": {
        "lines": [
          1,
          null,
          null,
          null,
          null,
          null,
          null,
          1,
          null,
          null,
          null,
          1,
          null,
          null,
          null,
          null,
          1,
          null,
          null,
          1,
          1,
          null,
          null,
          null,
          null,
          1,
          1,
          1,
          null,
          null,
          1,
          null,
          null,
          1,
          null,
          null,
          1,
          null,
          1,
          null,
          null,
          null,
          null,
          1,
          null,
          null,
          1,
          null,
          null,
          1,
          null,
          null,
          1,
          null,
          null,
          null,
          null,
          null,
          null,
          null
        ]
      },
      "/Users/brianguthrie/turing/mod3/the-last-airbender-2301/config/initializers/assets.rb": {
        "lines": [
          null,
          null,
          null,
          1,
          null,
          null,
          null,
          null,
          null,
          null,
          null,
          null
        ]
      },
      "/Users/brianguthrie/turing/mod3/the-last-airbender-2301/config/initializers/content_security_policy.rb": {
        "lines": [
          null,
          null,
          null,
          null,
          null,
          null,
          null,
          null,
          null,
          null,
          null,
          null,
          null,
          null,
          null,
          null,
          null,
          null,
          null,
          null,
          null,
          null,
          null,
          null,
          null
        ]
      },
      "/Users/brianguthrie/turing/mod3/the-last-airbender-2301/config/initializers/filter_parameter_logging.rb": {
        "lines": [
          null,
          null,
          null,
          null,
          null,
          1,
          null,
          null
        ]
      },
      "/Users/brianguthrie/turing/mod3/the-last-airbender-2301/config/initializers/inflections.rb": {
        "lines": [
          null,
          null,
          null,
          null,
          null,
          null,
          null,
          null,
          null,
          null,
          null,
          null,
          null,
          null,
          null,
          null
        ]
      },
      "/Users/brianguthrie/turing/mod3/the-last-airbender-2301/config/initializers/permissions_policy.rb": {
        "lines": [
          null,
          null,
          null,
          null,
          null,
          null,
          null,
          null,
          null,
          null,
          null
        ]
      },
      "/Users/brianguthrie/turing/mod3/the-last-airbender-2301/config/routes.rb": {
        "lines": [
          1,
          1,
          1,
          null
        ]
      },
      "/Users/brianguthrie/turing/mod3/the-last-airbender-2301/app/helpers/application_helper.rb": {
        "lines": [
          1,
          1,
          null,
          3,
          null,
          null,
          null,
          null,
          null,
          null
        ]
      },
      "/Users/brianguthrie/turing/mod3/the-last-airbender-2301/app/controllers/welcome_controller.rb": {
        "lines": [
          1,
          1,
          null,
          null
        ]
      },
      "/Users/brianguthrie/turing/mod3/the-last-airbender-2301/app/controllers/application_controller.rb": {
        "lines": [
          1,
          null
        ]
      },
      "/Users/brianguthrie/turing/mod3/the-last-airbender-2301/app/controllers/search_controller.rb": {
        "lines": [
          1,
          1,
          3,
          null,
          3,
          null,
          3,
          null,
          3,
          3,
          null,
          3,
          75,
          null,
          null,
          null
        ]
      },
      "/Users/brianguthrie/turing/mod3/the-last-airbender-2301/app/poros/member.rb": {
        "lines": [
          1,
          1,
          null,
          null,
          null,
          null,
          null,
          null,
          1,
          75,
          75,
          75,
          75,
          75,
          75,
          null,
          null
        ]
      }
    },
    "timestamp": 1685132693
  }
}
